<?xml version="1.0" encoding="UTF-8"?>
<testng-results ignored="0" total="11" passed="11" failed="0" skipped="0">
  <reporter-output>
  </reporter-output>
  <suite started-at="2022-02-19T21:25:51 CET" name="Default suite" finished-at="2022-02-19T21:25:57 CET" duration-ms="6220">
    <groups>
    </groups>
    <test started-at="2022-02-19T21:25:51 CET" name="Default test" finished-at="2022-02-19T21:25:57 CET" duration-ms="6220">
      <class name="meri.kiran.stadionWeather">
        <test-method signature="stadion_FCA()[pri:0, instance:meri.kiran.stadionWeather@74751b3]" started-at="2022-02-19T21:25:51 CET" name="stadion_FCA" finished-at="2022-02-19T21:25:53 CET" duration-ms="2417" status="PASS">
          <reporter-output>
          </reporter-output>
        </test-method> <!-- stadion_FCA -->
        <test-method signature="stadion_FCB()[pri:0, instance:meri.kiran.stadionWeather@74751b3]" started-at="2022-02-19T21:25:53 CET" name="stadion_FCB" finished-at="2022-02-19T21:25:54 CET" duration-ms="385" status="PASS">
          <reporter-output>
          </reporter-output>
        </test-method> <!-- stadion_FCB -->
        <test-method signature="stadion_HBC()[pri:0, instance:meri.kiran.stadionWeather@74751b3]" started-at="2022-02-19T21:25:54 CET" name="stadion_HBC" finished-at="2022-02-19T21:25:54 CET" duration-ms="404" status="PASS">
          <reporter-output>
          </reporter-output>
        </test-method> <!-- stadion_HBC -->
        <test-method signature="stadion_HOF()[pri:0, instance:meri.kiran.stadionWeather@74751b3]" started-at="2022-02-19T21:25:54 CET" name="stadion_HOF" finished-at="2022-02-19T21:25:54 CET" duration-ms="374" status="PASS">
          <reporter-output>
          </reporter-output>
        </test-method> <!-- stadion_HOF -->
        <test-method signature="stadion_KAI()[pri:0, instance:meri.kiran.stadionWeather@74751b3]" started-at="2022-02-19T21:25:54 CET" name="stadion_KAI" finished-at="2022-02-19T21:25:55 CET" duration-ms="402" status="PASS">
          <reporter-output>
          </reporter-output>
        </test-method> <!-- stadion_KAI -->
        <test-method signature="stadion_ROS()[pri:0, instance:meri.kiran.stadionWeather@74751b3]" started-at="2022-02-19T21:25:55 CET" name="stadion_ROS" finished-at="2022-02-19T21:25:55 CET" duration-ms="422" status="PASS">
          <reporter-output>
          </reporter-output>
        </test-method> <!-- stadion_ROS -->
        <test-method signature="stadion_S04()[pri:0, instance:meri.kiran.stadionWeather@74751b3]" started-at="2022-02-19T21:25:55 CET" name="stadion_S04" finished-at="2022-02-19T21:25:56 CET" duration-ms="328" status="PASS">
          <reporter-output>
          </reporter-output>
        </test-method> <!-- stadion_S04 -->
        <test-method signature="stadion_UNI()[pri:0, instance:meri.kiran.stadionWeather@74751b3]" started-at="2022-02-19T21:25:56 CET" name="stadion_UNI" finished-at="2022-02-19T21:25:56 CET" duration-ms="393" status="PASS">
          <reporter-output>
          </reporter-output>
        </test-method> <!-- stadion_UNI -->
        <test-method signature="stadion_b04()[pri:0, instance:meri.kiran.stadionWeather@74751b3]" started-at="2022-02-19T21:25:56 CET" name="stadion_b04" finished-at="2022-02-19T21:25:56 CET" duration-ms="308" status="PASS">
          <reporter-output>
          </reporter-output>
        </test-method> <!-- stadion_b04 -->
        <test-method signature="stadion_bvb()[pri:0, instance:meri.kiran.stadionWeather@74751b3]" started-at="2022-02-19T21:25:56 CET" name="stadion_bvb" finished-at="2022-02-19T21:25:57 CET" duration-ms="376" status="PASS">
          <reporter-output>
          </reporter-output>
        </test-method> <!-- stadion_bvb -->
        <test-method signature="stadion_f95()[pri:0, instance:meri.kiran.stadionWeather@74751b3]" started-at="2022-02-19T21:25:57 CET" name="stadion_f95" finished-at="2022-02-19T21:25:57 CET" duration-ms="360" status="PASS">
          <reporter-output>
          </reporter-output>
        </test-method> <!-- stadion_f95 -->
      </class> <!-- meri.kiran.stadionWeather -->
    </test> <!-- Default test -->
  </suite> <!-- Default suite -->
</testng-results>
